[25Nov2024 00:00:42.742] [Server thread/INFO] [net.minecraft.server.MinecraftServer/]: [DarkPija: Teleported xMenThor to DarkPija]
[25Nov2024 00:04:21.276] [Server thread/INFO] [net.minecraft.server.MinecraftServer/]: xMenThor has made the advancement [Acquire Hardware]
[25Nov2024 00:04:55.361] [Server thread/INFO] [net.minecraft.server.MinecraftServer/]: DarkPija has made the advancement [Suit Up]
[25Nov2024 00:05:08.845] [Server thread/INFO] [net.minecraft.server.MinecraftServer/]: xMenThor has made the advancement [Suit Up]
[25Nov2024 00:07:18.429] [Server thread/INFO] [net.minecraft.server.MinecraftServer/]: DarkPija has made the advancement [Best Friends Forever]
[25Nov2024 00:08:55.368] [Server thread/INFO] [net.minecraft.server.MinecraftServer/]: [DarkPija: Teleported DarkPija to xMenThor]
[25Nov2024 00:16:55.183] [Worker-Main-1/ERROR] [net.minecraft.world.level.block.entity.SculkShriekerBlockEntity/]: No key selector in MapLike[{event_delay:0,event_distance:0.0f,range:8,source:{pos:[I;-425,-56,-205],type:"minecraft:block"}}]
[25Nov2024 00:16:55.309] [Worker-Main-1/ERROR] [net.minecraft.world.entity.decoration.HangingEntity/]: Hanging entity at invalid position: BlockPos{x=-185, y=-46, z=-142}
[25Nov2024 00:16:55.416] [Worker-Main-1/ERROR] [net.minecraft.world.entity.decoration.HangingEntity/]: Hanging entity at invalid position: BlockPos{x=-418, y=-50, z=-208}
[25Nov2024 00:16:55.468] [Worker-Main-1/ERROR] [net.minecraft.world.entity.decoration.HangingEntity/]: Hanging entity at invalid position: BlockPos{x=-176, y=-50, z=-133}
[25Nov2024 00:16:55.470] [Worker-Main-1/ERROR] [net.minecraft.world.entity.decoration.HangingEntity/]: Hanging entity at invalid position: BlockPos{x=-172, y=-50, z=-135}
[25Nov2024 00:17:04.761] [Worker-Main-1/WARN] [com.cupboard.Cupboard/]: A mod is trying to add an entity from offthread, this should be avoided. Printing trace:
java.lang.Exception: null
	at net.minecraft.server.level.ServerLevel.handler$zle000$cupboard$OnaddEntity(ServerLevel.java:1655) ~[server-1.20.1-20230612.114412-srg.jar%23265!/:?]
	at net.minecraft.server.level.ServerLevel.m_8872_(ServerLevel.java) ~[server-1.20.1-20230612.114412-srg.jar%23265!/:?]
	at net.minecraft.server.level.ServerLevel.m_7967_(ServerLevel.java:814) ~[server-1.20.1-20230612.114412-srg.jar%23265!/:?]
	at untamedwilds.entity.ComplexMob.breed(ComplexMob.java:239) ~[untamedwilds-1.20.1-4.0.4.jar%23259!/:4.0.4]
	at untamedwilds.entity.relict.EntitySpitter.updateAttributes(EntitySpitter.java:353) ~[untamedwilds-1.20.1-4.0.4.jar%23259!/:4.0.4]
	at untamedwilds.entity.ComplexMob.m_6518_(ComplexMob.java:422) ~[untamedwilds-1.20.1-4.0.4.jar%23259!/:4.0.4]
	at net.minecraftforge.event.ForgeEventFactory.onFinalizeSpawn(ForgeEventFactory.java:285) ~[forge-1.20.1-47.2.0-universal.jar%23270!/:?]
	at untamedwilds.world.FaunaSpawn.performWorldGenSpawning(FaunaSpawn.java:151) ~[untamedwilds-1.20.1-4.0.4.jar%23259!/:4.0.4]
	at untamedwilds.world.gen.feature.FeatureUndergroundFaunaLarge.m_142674_(FeatureUndergroundFaunaLarge.java:65) ~[untamedwilds-1.20.1-4.0.4.jar%23259!/:4.0.4]
	at net.minecraft.world.level.levelgen.feature.Feature.m_225028_(Feature.java:155) ~[server-1.20.1-20230612.114412-srg.jar%23265!/:?]
	at net.minecraft.world.level.levelgen.feature.ConfiguredFeature.m_224953_(ConfiguredFeature.java:28) ~[server-1.20.1-20230612.114412-srg.jar%23265!/:?]
	at net.minecraft.world.level.levelgen.placement.PlacedFeature.m_226362_(PlacedFeature.java:54) ~[server-1.20.1-20230612.114412-srg.jar%23265!/:?]
	at java.util.stream.ForEachOps$ForEachOp$OfRef.accept(ForEachOps.java:184) ~[?:?]
	at java.util.stream.Streams$StreamBuilderImpl.forEachRemaining(Streams.java:411) ~[?:?]
	at java.util.stream.ReferencePipeline$Head.forEach(ReferencePipeline.java:762) ~[?:?]
	at java.util.stream.ReferencePipeline$7$1.accept(ReferencePipeline.java:276) ~[?:?]
	at java.util.stream.Streams$StreamBuilderImpl.forEachRemaining(Streams.java:411) ~[?:?]
	at java.util.stream.ReferencePipeline$Head.forEach(ReferencePipeline.java:762) ~[?:?]
	at java.util.stream.ReferencePipeline$7$1.accept(ReferencePipeline.java:276) ~[?:?]
	at java.util.stream.Streams$StreamBuilderImpl.forEachRemaining(Streams.java:411) ~[?:?]
	at java.util.stream.ReferencePipeline$Head.forEach(ReferencePipeline.java:762) ~[?:?]
	at java.util.stream.ReferencePipeline$7$1.accept(ReferencePipeline.java:276) ~[?:?]
	at java.util.stream.Streams$StreamBuilderImpl.forEachRemaining(Streams.java:411) ~[?:?]
	at java.util.stream.ReferencePipeline$Head.forEach(ReferencePipeline.java:762) ~[?:?]
	at java.util.stream.ReferencePipeline$7$1.accept(ReferencePipeline.java:276) ~[?:?]
	at java.util.stream.ForEachOps$ForEachOp$OfRef.accept(ForEachOps.java:184) ~[?:?]
	at java.util.stream.IntPipeline$1$1.accept(IntPipeline.java:180) ~[?:?]
	at java.util.stream.Streams$RangeIntSpliterator.forEachRemaining(Streams.java:104) ~[?:?]
	at java.util.Spliterator$OfInt.forEachRemaining(Spliterator.java:712) ~[?:?]
	at java.util.stream.AbstractPipeline.copyInto(AbstractPipeline.java:509) ~[?:?]
	at java.util.stream.AbstractPipeline.wrapAndCopyInto(AbstractPipeline.java:499) ~[?:?]
	at java.util.stream.ForEachOps$ForEachOp.evaluateSequential(ForEachOps.java:151) ~[?:?]
	at java.util.stream.ForEachOps$ForEachOp$OfRef.evaluateSequential(ForEachOps.java:174) ~[?:?]
	at java.util.stream.AbstractPipeline.evaluate(AbstractPipeline.java:234) ~[?:?]
	at java.util.stream.ReferencePipeline.forEach(ReferencePipeline.java:596) ~[?:?]
	at java.util.stream.ReferencePipeline$7$1.accept(ReferencePipeline.java:276) ~[?:?]
	at java.util.stream.Streams$StreamBuilderImpl.forEachRemaining(Streams.java:411) ~[?:?]
	at java.util.stream.AbstractPipeline.copyInto(AbstractPipeline.java:509) ~[?:?]
	at java.util.stream.AbstractPipeline.wrapAndCopyInto(AbstractPipeline.java:499) ~[?:?]
	at java.util.stream.ForEachOps$ForEachOp.evaluateSequential(ForEachOps.java:151) ~[?:?]
	at java.util.stream.ForEachOps$ForEachOp$OfRef.evaluateSequential(ForEachOps.java:174) ~[?:?]
	at java.util.stream.AbstractPipeline.evaluate(AbstractPipeline.java:234) ~[?:?]
	at java.util.stream.ReferencePipeline.forEach(ReferencePipeline.java:596) ~[?:?]
	at net.minecraft.world.level.levelgen.placement.PlacedFeature.m_226368_(PlacedFeature.java:53) ~[server-1.20.1-20230612.114412-srg.jar%23265!/:?]
	at net.minecraft.world.level.levelgen.placement.PlacedFeature.m_226377_(PlacedFeature.java:42) ~[server-1.20.1-20230612.114412-srg.jar%23265!/:?]
	at net.minecraft.world.level.chunk.ChunkGenerator.m_213609_(ChunkGenerator.java:357) ~[server-1.20.1-20230612.114412-srg.jar%23265!/:?]
	at net.minecraft.world.level.chunk.ChunkStatus.m_279978_(ChunkStatus.java:108) ~[server-1.20.1-20230612.114412-srg.jar%23265!/:?]
	at net.minecraft.world.level.chunk.ChunkStatus$SimpleGenerationTask.m_214024_(ChunkStatus.java:309) ~[server-1.20.1-20230612.114412-srg.jar%23265!/:?]
	at net.minecraft.world.level.chunk.ChunkStatus.m_280308_(ChunkStatus.java:252) ~[server-1.20.1-20230612.114412-srg.jar%23265!/:?]
	at net.minecraft.server.level.ChunkMap.lambda$scheduleChunkGeneration$27(ChunkMap.java:643) ~[server-1.20.1-20230612.114412-srg.jar%23265!/:?]
	at com.mojang.datafixers.util.Either$Left.map(Either.java:38) ~[datafixerupper-6.0.8.jar%2377!/:?]
	at net.minecraft.server.level.ChunkMap.lambda$scheduleChunkGeneration$29(ChunkMap.java:634) ~[server-1.20.1-20230612.114412-srg.jar%23265!/:?]
	at java.util.concurrent.CompletableFuture$UniCompose.tryFire(CompletableFuture.java:1150) ~[?:?]
	at java.util.concurrent.CompletableFuture$Completion.run(CompletableFuture.java:482) ~[?:?]
	at net.minecraft.server.level.ChunkTaskPriorityQueueSorter.m_143188_(ChunkTaskPriorityQueueSorter.java:62) ~[server-1.20.1-20230612.114412-srg.jar%23265!/:?]
	at net.minecraft.util.thread.ProcessorMailbox.m_18759_(ProcessorMailbox.java:91) ~[server-1.20.1-20230612.114412-srg.jar%23265!/:?]
	at net.minecraft.util.thread.ProcessorMailbox.m_18747_(ProcessorMailbox.java:146) ~[server-1.20.1-20230612.114412-srg.jar%23265!/:?]
	at net.minecraft.util.thread.ProcessorMailbox.run(ProcessorMailbox.java:102) ~[server-1.20.1-20230612.114412-srg.jar%23265!/:?]
	at java.util.concurrent.ForkJoinTask$RunnableExecuteAction.exec(ForkJoinTask.java:1423) ~[?:?]
	at java.util.concurrent.ForkJoinTask.doExec(ForkJoinTask.java:387) ~[?:?]
	at java.util.concurrent.ForkJoinPool$WorkQueue.topLevelExec(ForkJoinPool.java:1312) ~[?:?]
	at java.util.concurrent.ForkJoinPool.scan(ForkJoinPool.java:1843) ~[?:?]
	at java.util.concurrent.ForkJoinPool.runWorker(ForkJoinPool.java:1808) ~[?:?]
	at java.util.concurrent.ForkJoinWorkerThread.run(ForkJoinWorkerThread.java:188) ~[?:?]
[25Nov2024 00:17:07.395] [Worker-Main-1/ERROR] [net.minecraft.world.entity.decoration.HangingEntity/]: Hanging entity at invalid position: BlockPos{x=-423, y=-50, z=-211}
[25Nov2024 00:17:07.411] [Worker-Main-1/ERROR] [net.minecraft.world.entity.decoration.HangingEntity/]: Hanging entity at invalid position: BlockPos{x=-187, y=-46, z=-151}
[25Nov2024 00:17:07.411] [Worker-Main-1/ERROR] [net.minecraft.world.entity.decoration.HangingEntity/]: Hanging entity at invalid position: BlockPos{x=-187, y=-46, z=-143}
[25Nov2024 00:17:07.475] [Worker-Main-1/ERROR] [net.minecraft.world.entity.decoration.HangingEntity/]: Hanging entity at invalid position: BlockPos{x=-286, y=-57, z=-393}
[25Nov2024 00:17:07.907] [Server thread/INFO] [net.minecraft.server.MinecraftServer/]: DarkPija has made the advancement [Crystal Chunk]
[25Nov2024 00:17:08.970] [Worker-Main-1/ERROR] [net.minecraft.world.entity.decoration.HangingEntity/]: Hanging entity at invalid position: BlockPos{x=-420, y=-50, z=-211}
[25Nov2024 00:17:08.979] [Worker-Main-1/ERROR] [net.minecraft.world.entity.decoration.HangingEntity/]: Hanging entity at invalid position: BlockPos{x=-413, y=-49, z=-217}
[25Nov2024 00:17:09.039] [Worker-Main-1/ERROR] [net.minecraft.world.entity.decoration.HangingEntity/]: Hanging entity at invalid position: BlockPos{x=-284, y=-57, z=-394}
[25Nov2024 00:17:34.333] [Server thread/INFO] [net.minecraft.server.network.ServerGamePacketListenerImpl/]: DarkPija lost connection: Disconnected
[25Nov2024 00:17:34.334] [Server thread/INFO] [net.minecraft.server.MinecraftServer/]: DarkPija left the game
[25Nov2024 00:17:47.552] [Server thread/INFO] [net.minecraft.server.players.PlayerList/]: DarkPija[/127.56.175.234:33907] logged in with entity id 10561 at (-70.49575020705761, 104.0, -390.65370547026794)
[25Nov2024 00:17:47.576] [Server thread/INFO] [ModdingLegacy/blue_skies/]: Sending ToolHandleTypeManager to DarkPija
[25Nov2024 00:17:47.579] [Server thread/INFO] [ModdingLegacy/blue_skies/]: Sending SnowcapOvenFreezingManager to DarkPija
[25Nov2024 00:17:47.580] [Server thread/INFO] [ModdingLegacy/blue_skies/]: Sending HorizoniteForgeFuelManager to DarkPija
[25Nov2024 00:17:47.580] [Server thread/INFO] [ModdingLegacy/blue_skies/]: Sending AlchemyRecipeManager to DarkPija
[25Nov2024 00:17:47.587] [Server thread/INFO] [ModdingLegacy/blue_skies/]: Sending JournalEntryManager to DarkPija
[25Nov2024 00:17:47.589] [Server thread/INFO] [ModdingLegacy/blue_skies/]: Sending JournalSectionManager to DarkPija
[25Nov2024 00:17:47.594] [Server thread/INFO] [ModdingLegacy/blue_skies/]: Sending JournalRequirementManager to DarkPija
[25Nov2024 00:17:47.633] [Server thread/INFO] [net.minecraft.server.MinecraftServer/]: DarkPija joined the game
[25Nov2024 00:17:47.673] [Server thread/INFO] [untamedwilds.UntamedWilds/]: Firing player login event
[25Nov2024 00:17:47.682] [Server thread/INFO] [Jade/]: Syncing config to DarkPija (735e7294-ba9e-3b38-adf2-a3a38383bd33)
[25Nov2024 00:18:01.447] [Server thread/INFO] [net.minecraft.server.MinecraftServer/]: [DarkPija: Teleported DarkPija to xMenThor]
[25Nov2024 00:18:28.794] [Server thread/INFO] [net.minecraft.server.MinecraftServer/]: DarkPija has made the advancement [Bone]
[25Nov2024 00:25:26.700] [Server thread/INFO] [net.minecraft.server.MinecraftServer/]: xMenThor has made the advancement [What a Deal!]
[25Nov2024 00:25:51.819] [Server thread/INFO] [net.minecraft.server.MinecraftServer/]: xMenThor has made the advancement [A Seedy Place]
[25Nov2024 00:26:27.562] [Server thread/INFO] [net.minecraft.server.MinecraftServer/]: [xMenThor: Teleported DarkPija to xMenThor]
[25Nov2024 00:28:49.135] [Server thread/INFO] [net.minecraft.server.MinecraftServer/]: [DarkPija: Teleported DarkPija to xMenThor]
[25Nov2024 00:29:57.696] [Server thread/INFO] [net.minecraft.server.MinecraftServer/]: DarkPija was slain by xMenThor
[25Nov2024 00:30:00.562] [Server thread/INFO] [net.minecraft.server.MinecraftServer/]: [DarkPija: Teleported DarkPija to xMenThor]
[25Nov2024 00:30:07.242] [Server thread/INFO] [net.minecraft.server.MinecraftServer/]: DarkPija was slain by xMenThor
[25Nov2024 00:30:18.188] [Server thread/INFO] [net.minecraft.server.MinecraftServer/]: [DarkPija: Set own game mode to Creative Mode]
[25Nov2024 00:30:20.315] [Server thread/INFO] [net.minecraft.server.MinecraftServer/]: [DarkPija: Teleported DarkPija to xMenThor]
[25Nov2024 00:33:04.277] [Server thread/INFO] [net.minecraft.server.MinecraftServer/]: DarkPija has reached the goal [I Am Become Death]
[25Nov2024 00:33:29.214] [Server thread/INFO] [net.minecraft.server.MinecraftServer/]: [DarkPija: Teleported DarkPija to xMenThor]
[25Nov2024 00:33:48.535] [Server thread/INFO] [net.minecraft.server.MinecraftServer/]: xMenThor became death, the destroyer of worlds
[25Nov2024 00:33:50.829] [Server thread/WARN] [net.minecraft.server.MinecraftServer/]: Can't keep up! Is the server overloaded? Running 2009ms or 40 ticks behind
[25Nov2024 00:34:12.939] [Server thread/WARN] [net.minecraft.server.MinecraftServer/]: Can't keep up! Is the server overloaded? Running 7119ms or 142 ticks behind
[25Nov2024 00:34:44.208] [Server thread/WARN] [net.minecraft.server.MinecraftServer/]: Can't keep up! Is the server overloaded? Running 2037ms or 40 ticks behind
[25Nov2024 00:34:57.055] [Server thread/INFO] [net.minecraft.server.MinecraftServer/]: [DarkPija: Teleported DarkPija to xMenThor]
[25Nov2024 00:35:55.114] [Server thread/INFO] [net.minecraft.server.MinecraftServer/]: [DarkPija: Teleported DarkPija to xMenThor]
[25Nov2024 00:36:41.496] [Server thread/INFO] [net.minecraft.server.MinecraftServer/]: [DarkPija: Set own game mode to Survival Mode]
[25Nov2024 00:37:20.359] [Server thread/INFO] [net.minecraft.server.MinecraftServer/]: [DarkPija: Set own game mode to Creative Mode]
[25Nov2024 00:38:00.293] [Server thread/INFO] [net.minecraft.server.MinecraftServer/]: [DarkPija: Set own game mode to Survival Mode]
[25Nov2024 00:38:51.476] [Server thread/INFO] [net.minecraft.server.MinecraftServer/]: xMenThor has made the advancement [Crisis Adverted]
[25Nov2024 00:41:00.320] [Server thread/INFO] [net.minecraft.server.MinecraftServer/]: [DarkPija: Teleported DarkPija to xMenThor]
[25Nov2024 00:41:17.873] [Server thread/INFO] [net.minecraft.server.MinecraftServer/]: DarkPija was irradiated to death
[25Nov2024 00:41:22.494] [Server thread/INFO] [net.minecraft.server.MinecraftServer/]: [DarkPija: Teleported DarkPija to xMenThor]
[25Nov2024 00:41:46.142] [Server thread/INFO] [net.minecraft.world.entity.npc.Villager/]: Villager Villager['Unemployed'/24999, l='ServerLevel[world]', x=309.51, y=77.04, z=-215.49] died, message: 'Unemployed drowned'
[25Nov2024 00:46:57.184] [Server thread/INFO] [net.minecraft.server.MinecraftServer/]: xMenThor has made the advancement [Crystal Chunk]
[25Nov2024 00:47:08.086] [Server thread/INFO] [net.minecraft.server.MinecraftServer/]: xMenThor has made the advancement [False Water]
[25Nov2024 00:51:41.892] [Server thread/INFO] [net.minecraft.server.network.ServerGamePacketListenerImpl/]: DarkPija lost connection: Disconnected
[25Nov2024 00:51:41.893] [Server thread/INFO] [net.minecraft.server.MinecraftServer/]: DarkPija left the game
[25Nov2024 00:51:47.400] [Server thread/INFO] [net.minecraft.server.players.PlayerList/]: DarkPija[/127.56.175.234:48899] logged in with entity id 27732 at (68.35942114328465, -58.0, -299.48736543166444)
[25Nov2024 00:51:47.416] [Server thread/INFO] [ModdingLegacy/blue_skies/]: Sending ToolHandleTypeManager to DarkPija
[25Nov2024 00:51:47.416] [Server thread/INFO] [ModdingLegacy/blue_skies/]: Sending SnowcapOvenFreezingManager to DarkPija
[25Nov2024 00:51:47.417] [Server thread/INFO] [ModdingLegacy/blue_skies/]: Sending HorizoniteForgeFuelManager to DarkPija
[25Nov2024 00:51:47.417] [Server thread/INFO] [ModdingLegacy/blue_skies/]: Sending AlchemyRecipeManager to DarkPija
[25Nov2024 00:51:47.419] [Server thread/INFO] [ModdingLegacy/blue_skies/]: Sending JournalEntryManager to DarkPija
[25Nov2024 00:51:47.422] [Server thread/INFO] [ModdingLegacy/blue_skies/]: Sending JournalSectionManager to DarkPija
[25Nov2024 00:51:47.422] [Server thread/INFO] [ModdingLegacy/blue_skies/]: Sending JournalRequirementManager to DarkPija
[25Nov2024 00:51:47.459] [Server thread/INFO] [net.minecraft.server.MinecraftServer/]: DarkPija joined the game
[25Nov2024 00:51:47.543] [Server thread/INFO] [untamedwilds.UntamedWilds/]: Firing player login event
[25Nov2024 00:51:47.544] [Server thread/INFO] [Jade/]: Syncing config to DarkPija (735e7294-ba9e-3b38-adf2-a3a38383bd33)
[25Nov2024 00:53:32.943] [Server thread/INFO] [net.minecraft.server.MinecraftServer/]: DarkPija has made the advancement [Sweet Dreams]
[25Nov2024 00:54:34.103] [Server thread/INFO] [net.minecraft.server.MinecraftServer/]: DarkPija has made the advancement [Cover Me with Diamonds]
[25Nov2024 00:55:22.119] [Server thread/WARN] [net.minecraft.server.MinecraftServer/]: Can't keep up! Is the server overloaded? Running 7199ms or 143 ticks behind
[25Nov2024 00:55:22.369] [Server thread/WARN] [net.minecraft.server.network.ServerGamePacketListenerImpl/]: DarkPija moved too quickly! 213.4205207765607,-61.67647087614428,-1213.3425542269563
[25Nov2024 00:56:39.242] [Server thread/INFO] [net.minecraft.server.MinecraftServer/]: xMenThor has made the advancement [The Silence of the Forest]
[25Nov2024 00:57:38.800] [Server thread/INFO] [net.minecraft.server.MinecraftServer/]: DarkPija has made the advancement [The Silence of the Forest]
[25Nov2024 00:58:44.649] [Server thread/INFO] [net.minecraft.server.MinecraftServer/]: [DarkPija: Teleported xMenThor to DarkPija]
[25Nov2024 00:59:07.512] [Server thread/INFO] [net.minecraft.server.MinecraftServer/]: [DarkPija: Teleported DarkPija to xMenThor]
[25Nov2024 00:59:36.386] [Server thread/INFO] [net.minecraft.server.MinecraftServer/]: xMenThor has made the advancement [Ice Bucket Challenge]
[25Nov2024 00:59:59.112] [Server thread/INFO] [net.minecraft.server.MinecraftServer/]: DarkPija has made the advancement [Ice Bucket Challenge]
[25Nov2024 01:00:55.537] [Server thread/INFO] [net.minecraft.server.MinecraftServer/]: [DarkPija: Teleported DarkPija to xMenThor]
[25Nov2024 01:01:36.359] [Server thread/WARN] [net.minecraft.server.network.ServerGamePacketListenerImpl/]: xMenThor moved too quickly! 0.6550772495152728,-0.9769118908984673,10.280896898972287
[25Nov2024 01:01:36.424] [Server thread/WARN] [net.minecraft.server.MinecraftServer/]: Can't keep up! Is the server overloaded? Running 21653ms or 433 ticks behind
[25Nov2024 01:01:36.963] [Server thread/WARN] [net.minecraft.server.network.ServerGamePacketListenerImpl/]: DarkPija moved too quickly! 213.3324915248602,-61.67647087614428,-1212.908264174922
[25Nov2024 01:01:59.055] [Server thread/WARN] [net.minecraft.server.MinecraftServer/]: Can't keep up! Is the server overloaded? Running 2035ms or 40 ticks behind
[25Nov2024 01:05:56.899] [Server thread/INFO] [net.minecraft.server.MinecraftServer/]: [Not Secure] <DarkPija> t ?
[25Nov2024 01:06:07.619] [Server thread/INFO] [net.minecraft.server.MinecraftServer/]: [Not Secure] <xMenThor> CA
[25Nov2024 01:06:56.029] [Server thread/INFO] [net.minecraft.server.MinecraftServer/]: xMenThor has made the advancement [Incendium]
[25Nov2024 01:06:56.030] [Server thread/INFO] [net.minecraft.server.MinecraftServer/]: xMenThor has made the advancement [We Need to Go Deeper]
[25Nov2024 01:07:04.345] [Server thread/WARN] [net.minecraft.server.MinecraftServer/]: Can't keep up! Is the server overloaded? Running 14325ms or 286 ticks behind
[25Nov2024 01:07:30.194] [Server thread/INFO] [net.minecraft.server.MinecraftServer/]: DarkPija has made the advancement [Incendium]
[25Nov2024 01:07:30.207] [Server thread/INFO] [net.minecraft.server.MinecraftServer/]: DarkPija has made the advancement [We Need to Go Deeper]
[25Nov2024 01:07:30.208] [Server thread/INFO] [net.minecraft.server.MinecraftServer/]: [DarkPija: Teleported DarkPija to xMenThor]
[25Nov2024 01:07:31.374] [Server thread/INFO] [net.minecraft.world.entity.npc.Villager/]: Villager Villager['Leatherworker'/148, l='ServerLevel[world]', x=80.70, y=62.05, z=163.26] died, message: 'Leatherworker drowned'
[25Nov2024 01:08:12.058] [Server thread/INFO] [net.minecraft.server.MinecraftServer/]: DarkPija has made the advancement [Fetch Me Their Souls!]
[25Nov2024 01:08:14.984] [Server thread/INFO] [net.minecraft.server.MinecraftServer/]: xMenThor has made the advancement [Those Were the Days]
[25Nov2024 01:09:21.111] [Server thread/INFO] [net.minecraft.server.MinecraftServer/]: [DarkPija: Teleported xMenThor to DarkPija]
[25Nov2024 01:11:07.840] [Server thread/INFO] [net.minecraft.server.MinecraftServer/]: [DarkPija: Teleported xMenThor to DarkPija]
[25Nov2024 01:12:09.211] [Server thread/INFO] [net.minecraft.server.MinecraftServer/]: xMenThor has made the advancement [With Fire It Writes]
[25Nov2024 01:12:14.485] [Server thread/INFO] [net.minecraft.server.MinecraftServer/]: DarkPija has made the advancement [With Fire It Writes]
[25Nov2024 01:14:04.734] [Server thread/INFO] [net.minecraft.world.entity.npc.Villager/]: Villager Villager['Unemployed'/48469, l='ServerLevel[world]', x=330.15, y=87.02, z=-252.59] died, message: 'Unemployed drowned'
[25Nov2024 01:14:04.735] [Server thread/INFO] [net.minecraft.world.entity.npc.Villager/]: Villager Villager['Unemployed'/48470, l='ServerLevel[world]', x=329.72, y=86.04, z=-248.37] died, message: 'Unemployed drowned'
[25Nov2024 01:14:07.961] [Server thread/INFO] [net.minecraft.server.MinecraftServer/]: [DarkPija: Teleported DarkPija to xMenThor]
[25Nov2024 01:14:58.431] [Server thread/INFO] [net.minecraft.server.MinecraftServer/]: DarkPija has made the advancement [I Can See Forever]
[25Nov2024 01:15:00.989] [Server thread/WARN] [net.minecraft.server.MinecraftServer/]: Can't keep up! Is the server overloaded? Running 2519ms or 50 ticks behind
[25Nov2024 01:15:01.010] [Server thread/INFO] [net.minecraft.server.MinecraftServer/]: xMenThor has made the advancement [I Can See Forever]
[25Nov2024 01:17:30.635] [Server thread/INFO] [net.minecraft.server.MinecraftServer/]: xMenThor has made the advancement [Bug Stomper]
[25Nov2024 01:17:33.459] [Server thread/INFO] [net.minecraft.server.MinecraftServer/]: DarkPija has made the advancement [Bug Stomper]
[25Nov2024 01:20:42.869] [Server thread/INFO] [net.minecraft.server.MinecraftServer/]: xMenThor has reached the goal [Time To Even The Scales]
[25Nov2024 01:20:42.879] [Server thread/INFO] [net.minecraft.server.MinecraftServer/]: DarkPija has reached the goal [Time To Even The Scales]
[25Nov2024 01:21:45.041] [Server thread/WARN] [net.minecraft.server.network.ServerGamePacketListenerImpl/]: DarkPija moved too quickly! 0.0,-10.80652611000901,0.0
[25Nov2024 01:21:45.044] [Server thread/WARN] [net.minecraft.server.network.ServerGamePacketListenerImpl/]: xMenThor moved too quickly! 6.019831286033991,0.0,8.016365687546227
[25Nov2024 01:21:45.050] [Server thread/WARN] [net.minecraft.server.MinecraftServer/]: Can't keep up! Is the server overloaded? Running 2130ms or 42 ticks behind
[25Nov2024 01:21:46.861] [Server thread/INFO] [net.minecraft.server.MinecraftServer/]: [DarkPija: Teleported DarkPija to xMenThor]
[25Nov2024 01:21:47.330] [Server thread/INFO] [net.minecraft.server.MinecraftServer/]: DarkPija fell from a high place
[25Nov2024 01:21:51.466] [Server thread/INFO] [net.minecraft.server.MinecraftServer/]: [DarkPija: Teleported DarkPija to xMenThor]
[25Nov2024 01:23:13.354] [Server thread/INFO] [net.minecraft.server.MinecraftServer/]: [DarkPija: Teleported xMenThor to DarkPija]
[25Nov2024 01:23:35.717] [Server thread/INFO] [net.minecraft.server.MinecraftServer/]: xMenThor fell from a high place
[25Nov2024 01:23:50.663] [Server thread/INFO] [net.minecraft.server.MinecraftServer/]: [xMenThor: Teleported xMenThor to DarkPija]
[25Nov2024 01:24:19.240] [Server thread/INFO] [net.minecraft.server.MinecraftServer/]: xMenThor has made the advancement [Bone]
[25Nov2024 01:25:52.351] [Server thread/INFO] [net.minecraft.server.MinecraftServer/]: [xMenThor: Teleported DarkPija to xMenThor]
[25Nov2024 01:27:13.684] [Server thread/INFO] [net.minecraft.server.MinecraftServer/]: DarkPija was at a loss for words after being killed by Death Tome
[25Nov2024 01:27:18.190] [Server thread/INFO] [net.minecraft.server.MinecraftServer/]: [DarkPija: Teleported DarkPija to xMenThor]
[25Nov2024 01:28:35.587] [Server thread/WARN] [net.minecraft.server.MinecraftServer/]: Can't keep up! Is the server overloaded? Running 11867ms or 237 ticks behind
[25Nov2024 01:28:35.776] [Server thread/INFO] [net.minecraft.server.MinecraftServer/]: [DarkPija: Teleported xMenThor to DarkPija]
[25Nov2024 01:28:35.866] [Server thread/INFO] [net.minecraft.server.MinecraftServer/]: [xMenThor: Teleported DarkPija to xMenThor]
[25Nov2024 01:28:56.951] [Server thread/INFO] [net.minecraft.server.MinecraftServer/]: [DarkPija: Teleported DarkPija to xMenThor]
[25Nov2024 01:29:49.479] [Server thread/INFO] [net.minecraft.server.network.ServerGamePacketListenerImpl/]: xMenThor lost connection: Disconnected
[25Nov2024 01:29:49.480] [Server thread/INFO] [net.minecraft.server.MinecraftServer/]: xMenThor left the game
[25Nov2024 01:30:00.430] [Server thread/INFO] [net.minecraft.server.MinecraftServer/]: DarkPija discovered the floor was lava
[25Nov2024 01:30:07.125] [Server thread/INFO] [net.minecraft.server.network.ServerGamePacketListenerImpl/]: DarkPija lost connection: Disconnected
[25Nov2024 01:30:07.126] [Server thread/INFO] [net.minecraft.server.MinecraftServer/]: DarkPija left the game
[25Nov2024 01:30:21.872] [Server thread/INFO] [net.minecraft.server.MinecraftServer/]: Stopping server
[25Nov2024 01:30:21.873] [Server thread/INFO] [net.minecraft.server.MinecraftServer/]: Saving players
[25Nov2024 01:30:21.873] [Server thread/INFO] [net.minecraft.server.MinecraftServer/]: Saving worlds
[25Nov2024 01:30:22.601] [Server thread/INFO] [net.minecraft.server.MinecraftServer/]: Saving chunks for level 'ServerLevel[world]'/minecraft:overworld
[25Nov2024 01:30:27.878] [Server thread/INFO] [net.minecraft.server.MinecraftServer/]: Saving chunks for level 'ServerLevel[world]'/ad_astra:mars_orbit
[25Nov2024 01:30:27.881] [Server thread/INFO] [net.minecraft.server.MinecraftServer/]: Saving chunks for level 'ServerLevel[world]'/ad_astra:mercury
[25Nov2024 01:30:27.881] [Server thread/INFO] [net.minecraft.server.MinecraftServer/]: Saving chunks for level 'ServerLevel[world]'/ad_astra:mercury_orbit
[25Nov2024 01:30:27.882] [Server thread/INFO] [net.minecraft.server.MinecraftServer/]: Saving chunks for level 'ServerLevel[world]'/ad_astra:moon
[25Nov2024 01:30:27.882] [Server thread/INFO] [net.minecraft.server.MinecraftServer/]: Saving chunks for level 'ServerLevel[world]'/minecraft:the_nether
[25Nov2024 01:30:27.891] [Server thread/INFO] [net.minecraft.server.MinecraftServer/]: Saving chunks for level 'ServerLevel[world]'/ad_astra:venus_orbit
[25Nov2024 01:30:27.892] [Server thread/INFO] [net.minecraft.server.MinecraftServer/]: Saving chunks for level 'ServerLevel[world]'/ad_astra:glacio
[25Nov2024 01:30:27.892] [Server thread/INFO] [net.minecraft.server.MinecraftServer/]: Saving chunks for level 'ServerLevel[world]'/ad_astra:mars
[25Nov2024 01:30:27.893] [Server thread/INFO] [net.minecraft.server.MinecraftServer/]: Saving chunks for level 'ServerLevel[world]'/ad_astra:moon_orbit
[25Nov2024 01:30:27.893] [Server thread/INFO] [net.minecraft.server.MinecraftServer/]: Saving chunks for level 'ServerLevel[world]'/ad_astra:glacio_orbit
[25Nov2024 01:30:27.894] [Server thread/INFO] [net.minecraft.server.MinecraftServer/]: Saving chunks for level 'ServerLevel[world]'/twilightforest:twilight_forest
[25Nov2024 01:30:27.906] [Server thread/INFO] [net.minecraft.server.MinecraftServer/]: Saving chunks for level 'ServerLevel[world]'/ad_astra:earth_orbit
[25Nov2024 01:30:27.906] [Server thread/INFO] [net.minecraft.server.MinecraftServer/]: Saving chunks for level 'ServerLevel[world]'/blue_skies:everdawn
[25Nov2024 01:30:27.907] [Server thread/INFO] [net.minecraft.server.MinecraftServer/]: Saving chunks for level 'ServerLevel[world]'/undergarden:undergarden
[25Nov2024 01:30:27.907] [Server thread/INFO] [net.minecraft.server.MinecraftServer/]: Saving chunks for level 'ServerLevel[world]'/minecraft:the_end
[25Nov2024 01:30:27.908] [Server thread/INFO] [net.minecraft.server.MinecraftServer/]: Saving chunks for level 'ServerLevel[world]'/blue_skies:everbright
[25Nov2024 01:30:27.908] [Server thread/INFO] [net.minecraft.server.MinecraftServer/]: Saving chunks for level 'ServerLevel[world]'/ad_astra:venus
[25Nov2024 01:30:27.909] [Server thread/INFO] [surveyor/]: [Surveyor] Saving server data...
[25Nov2024 01:30:28.210] [Server thread/INFO] [surveyor/]: [Surveyor] Finished saving data for minecraft:overworld | cleaned 5 terrain regions, 0 structure regions, 15 landmarks
[25Nov2024 01:30:28.222] [Server thread/INFO] [surveyor/]: [Surveyor] Finished saving data for twilightforest:twilight_forest | cleaned 1 terrain regions, 0 structure regions, 3 landmarks
[25Nov2024 01:30:28.223] [Server thread/INFO] [surveyor/]: [Surveyor] Finished saving server data.
[25Nov2024 01:30:28.303] [Server thread/INFO] [net.minecraft.server.MinecraftServer/]: ThreadedAnvilChunkStorage (world): All chunks are saved
[25Nov2024 01:30:28.303] [Server thread/INFO] [net.minecraft.server.MinecraftServer/]: ThreadedAnvilChunkStorage (mars_orbit): All chunks are saved
[25Nov2024 01:30:28.303] [Server thread/INFO] [net.minecraft.server.MinecraftServer/]: ThreadedAnvilChunkStorage (mercury): All chunks are saved
[25Nov2024 01:30:28.303] [Server thread/INFO] [net.minecraft.server.MinecraftServer/]: ThreadedAnvilChunkStorage (mercury_orbit): All chunks are saved
[25Nov2024 01:30:28.303] [Server thread/INFO] [net.minecraft.server.MinecraftServer/]: ThreadedAnvilChunkStorage (moon): All chunks are saved
[25Nov2024 01:30:28.304] [Server thread/INFO] [net.minecraft.server.MinecraftServer/]: ThreadedAnvilChunkStorage (DIM-1): All chunks are saved
[25Nov2024 01:30:28.304] [Server thread/INFO] [net.minecraft.server.MinecraftServer/]: ThreadedAnvilChunkStorage (venus_orbit): All chunks are saved
[25Nov2024 01:30:28.304] [Server thread/INFO] [net.minecraft.server.MinecraftServer/]: ThreadedAnvilChunkStorage (glacio): All chunks are saved
[25Nov2024 01:30:28.304] [Server thread/INFO] [net.minecraft.server.MinecraftServer/]: ThreadedAnvilChunkStorage (mars): All chunks are saved
[25Nov2024 01:30:28.304] [Server thread/INFO] [net.minecraft.server.MinecraftServer/]: ThreadedAnvilChunkStorage (moon_orbit): All chunks are saved
[25Nov2024 01:30:28.304] [Server thread/INFO] [net.minecraft.server.MinecraftServer/]: ThreadedAnvilChunkStorage (glacio_orbit): All chunks are saved
[25Nov2024 01:30:28.304] [Server thread/INFO] [net.minecraft.server.MinecraftServer/]: ThreadedAnvilChunkStorage (twilight_forest): All chunks are saved
[25Nov2024 01:30:28.304] [Server thread/INFO] [net.minecraft.server.MinecraftServer/]: ThreadedAnvilChunkStorage (earth_orbit): All chunks are saved
[25Nov2024 01:30:28.304] [Server thread/INFO] [net.minecraft.server.MinecraftServer/]: ThreadedAnvilChunkStorage (everdawn): All chunks are saved
[25Nov2024 01:30:28.304] [Server thread/INFO] [net.minecraft.server.MinecraftServer/]: ThreadedAnvilChunkStorage (undergarden): All chunks are saved
[25Nov2024 01:30:28.304] [Server thread/INFO] [net.minecraft.server.MinecraftServer/]: ThreadedAnvilChunkStorage (DIM1): All chunks are saved
[25Nov2024 01:30:28.304] [Server thread/INFO] [net.minecraft.server.MinecraftServer/]: ThreadedAnvilChunkStorage (everbright): All chunks are saved
[25Nov2024 01:30:28.304] [Server thread/INFO] [net.minecraft.server.MinecraftServer/]: ThreadedAnvilChunkStorage (venus): All chunks are saved
[25Nov2024 01:30:28.304] [Server thread/INFO] [net.minecraft.server.MinecraftServer/]: ThreadedAnvilChunkStorage: All dimensions are saved
[25Nov2024 01:30:29.050] [Server thread/INFO] [journeymap/]: Loading JourneyMap Forge Configs
